<?xml version="1.0" encoding="UTF-8"?>
<!-- Generated by org.testng.reporters.JUnitXMLReporter -->
<testsuite hostname="tamaraPC" ignored="0" name="Test" tests="7" failures="0" timestamp="19 Jul 2018 05:16:04 GMT" time="124.911" errors="0">
  <testcase name="test_DayDealsLink" time="6.287" classname="TestFrameWork_Test.NavigationLinksTest"/>
  <testcase name="test_GiftCardsLink" time="4.182" classname="TestFrameWork_Test.NavigationLinksTest"/>
  <testcase name="test_HelpLink" time="2.073" classname="TestFrameWork_Test.NavigationLinksTest"/>
  <testcase name="test_RegistryLink" time="2.862" classname="TestFrameWork_Test.NavigationLinksTest"/>
  <testcase name="test_SellLink" time="43.976" classname="TestFrameWork_Test.NavigationLinksTest"/>
  <testcase name="test_SignInLink" time="7.797" classname="TestFrameWork_Test.NavigationLinksTest"/>
  <testcase name="test_TryPrimeLink" time="5.428" classname="TestFrameWork_Test.NavigationLinksTest"/>
</testsuite> <!-- Test -->
